04, 26, 2025 (10:59:38): Opening rpy file C:\Program Files (x86)\IBM\Rational\Rhapsody Modeler\7.5\Share\Properties\PredefinedTypes.sbs
04, 26, 2025 (10:59:38): 
 Started loading C:\Program Files (x86)\IBM\Rational\Rhapsody Modeler\7.5\Share\Properties\PredefinedTypes.sbs on Saturday, April 26, 2025 (10:59:38).-

04, 26, 2025 (10:59:38): 

Starting inUnit resolution phase


04, 26, 2025 (10:59:38): 

Finished inUnit resolution phase


04, 26, 2025 (10:59:38): 
 Finished loading C:\Program Files (x86)\IBM\Rational\Rhapsody Modeler\7.5\Share\Properties\PredefinedTypes.sbs on Saturday, April 26, 2025 (10:59:38).-

04, 26, 2025 (10:59:38): Opening rpy file C:\Program Files (x86)\IBM\Rational\Rhapsody Modeler\7.5\Share\Properties\PredefinedTypesC++.sbs
04, 26, 2025 (10:59:38): 
 Started loading C:\Program Files (x86)\IBM\Rational\Rhapsody Modeler\7.5\Share\Properties\PredefinedTypesC++.sbs on Saturday, April 26, 2025 (10:59:38).-

04, 26, 2025 (10:59:38): 

Starting inUnit resolution phase


04, 26, 2025 (10:59:38): 

Finished inUnit resolution phase


04, 26, 2025 (10:59:38): 
 Finished loading C:\Program Files (x86)\IBM\Rational\Rhapsody Modeler\7.5\Share\Properties\PredefinedTypesC++.sbs on Saturday, April 26, 2025 (10:59:38).-

04, 26, 2025 (10:59:38): Opening rpy file C:\Users\wdmcd\OneDrive\Desktop\csc834\Calendar\Calendar.rpy
04, 26, 2025 (10:59:38): 
 Started loading C:\Users\wdmcd\OneDrive\Desktop\csc834\Calendar\Calendar.rpy on Saturday, April 26, 2025 (10:59:38).-

04, 26, 2025 (10:59:38): Opening rpy file C:\Users\wdmcd\OneDrive\Desktop\csc834\Calendar\Calendar_rpy\Default.sbs
04, 26, 2025 (10:59:38): 
 Started loading C:\Users\wdmcd\OneDrive\Desktop\csc834\Calendar\Calendar_rpy\Default.sbs on Saturday, April 26, 2025 (10:59:38).-

04, 26, 2025 (10:59:38): 

Starting inUnit resolution phase


04, 26, 2025 (10:59:38): 

Finished inUnit resolution phase


04, 26, 2025 (10:59:38): 
 Finished loading C:\Users\wdmcd\OneDrive\Desktop\csc834\Calendar\Calendar_rpy\Default.sbs on Saturday, April 26, 2025 (10:59:38).-

04, 26, 2025 (10:59:38): Opening rpy file C:\Users\wdmcd\OneDrive\Desktop\csc834\Calendar\Calendar_rpy\DefaultComponent.cmp
04, 26, 2025 (10:59:38): 
 Started loading C:\Users\wdmcd\OneDrive\Desktop\csc834\Calendar\Calendar_rpy\DefaultComponent.cmp on Saturday, April 26, 2025 (10:59:38).-

04, 26, 2025 (10:59:38): 

Starting inUnit resolution phase


04, 26, 2025 (10:59:38): 

Finished inUnit resolution phase


04, 26, 2025 (10:59:38): 
 Finished loading C:\Users\wdmcd\OneDrive\Desktop\csc834\Calendar\Calendar_rpy\DefaultComponent.cmp on Saturday, April 26, 2025 (10:59:38).-

04, 26, 2025 (10:59:38): 

Starting inUnit resolution phase


04, 26, 2025 (10:59:38): 

Finished inUnit resolution phase


04, 26, 2025 (10:59:38): 

Starting inUnit resolution phase


04, 26, 2025 (10:59:38): 

Finished inUnit resolution phase


04, 26, 2025 (10:59:38): 

Starting inUnit resolution phase


04, 26, 2025 (10:59:38): 

Finished inUnit resolution phase


04, 26, 2025 (10:59:38): 
 Finished loading C:\Users\wdmcd\OneDrive\Desktop\csc834\Calendar\Calendar.rpy on Saturday, April 26, 2025 (10:59:38).-

04, 26, 2025 (10:59:38): Starting checks of EventsBaseID conflicts
04, 26, 2025 (10:59:38): Finished checks of EventsBaseID conflicts
04, 26, 2025 (10:59:38): End Log
