04, 30, 2025 (09:55:51): Starting Pre-Save actions

04, 30, 2025 (09:55:51): Starting Dialogs Check/Save
04, 30, 2025 (09:55:51): Finished Dialogs Check/Save
04, 30, 2025 (09:55:51): Starting Controlled Files Resolution
04, 30, 2025 (09:55:51): Finished Controlled Files Resolution
04, 30, 2025 (09:55:51): Finished Pre-Save actions

04, 30, 2025 (09:55:51): Creating C:\Users\wdmcd\OneDrive\Desktop\csc834\Calendar\Calendar.rpy
04, 30, 2025 (09:55:51): 
Started writing C:\Users\wdmcd\OneDrive\Desktop\csc834\Calendar\Calendar.rpy on Wednesday, April 30, 2025 (09:55:51)

04, 30, 2025 (09:55:51): version 8.5.2
04, 30, 2025 (09:55:51): 
Started writing C:\Users\wdmcd\OneDrive\Desktop\csc834\Calendar\Calendar_rpy\filesTable.dat on Wednesday, April 30, 2025 (09:55:51)

04, 30, 2025 (09:55:51): Finished writing C:\Users\wdmcd\OneDrive\Desktop\csc834\Calendar\Calendar_rpy\filesTable.dat on Wednesday, April 30, 2025 (09:55:51)

04, 30, 2025 (09:55:51): Creating C:\Users\wdmcd\OneDrive\Desktop\csc834\Calendar\Calendar_rpy\Default.sbs
04, 30, 2025 (09:55:51): 
Started writing C:\Users\wdmcd\OneDrive\Desktop\csc834\Calendar\Calendar_rpy\Default.sbs on Wednesday, April 30, 2025 (09:55:51)

04, 30, 2025 (09:55:51): version 8.5.2
04, 30, 2025 (09:55:51): Finished writing C:\Users\wdmcd\OneDrive\Desktop\csc834\Calendar\Calendar_rpy\Default.sbs on Wednesday, April 30, 2025 (09:55:51)

04, 30, 2025 (09:55:51): Finished writing C:\Users\wdmcd\OneDrive\Desktop\csc834\Calendar\Calendar.rpy on Wednesday, April 30, 2025 (09:55:51)

04, 30, 2025 (09:55:51): End Log
